<?xml version="1.0" encoding="UTF-8"?>
<!-- Generated by org.testng.reporters.JUnitXMLReporter -->
<testsuite hostname="IRON-QA8" ignored="0" name="Pixel_3_API_28" tests="1" failures="1" timestamp="23 Jun 2020 05:35:10 GMT" time="268.148" errors="0">
  <testcase name="firstTestCase" time="57.059" classname="com.attendanceApp.Test1">
    <failure type="java.lang.AssertionError" message="
Expecting:
 &amp;lt;[&amp;quot;Login&amp;quot;]&amp;gt;
to be equal to:
 &amp;lt;[&amp;quot;Add student&amp;quot;,
    &amp;quot;View student&amp;quot;,
    &amp;quot;Attendance Per Student&amp;quot;,
    &amp;quot;Add faculty&amp;quot;,
    &amp;quot;View faculty&amp;quot;,
    &amp;quot;Logout&amp;quot;]&amp;gt;
but was not.">
      <![CDATA[java.lang.AssertionError: 
Expecting:
 <["Login"]>
to be equal to:
 <["Add student",
    "View student",
    "Attendance Per Student",
    "Add faculty",
    "View faculty",
    "Logout"]>
but was not.
at com.attendanceApp.Test1.firstTestCase(Test1.java:37)
at java.util.concurrent.FutureTask.run(FutureTask.java:266)
at java.util.concurrent.ThreadPoolExecutor.runWorker(ThreadPoolExecutor.java:1149)
at java.util.concurrent.ThreadPoolExecutor$Worker.run(ThreadPoolExecutor.java:624)
at java.lang.Thread.run(Thread.java:748)
... Removed 16 stack frames]]>
    </failure>
  </testcase> <!-- firstTestCase -->
</testsuite> <!-- Pixel_3_API_28 -->
