<?xml version="1.0" encoding="UTF-8"?>
<!-- Generated by org.testng.reporters.JUnitXMLReporter -->
<testsuite hostname="IRON-QA8" ignored="0" name="Test2" tests="1" failures="1" timestamp="09 Jun 2020 06:08:40 GMT" time="121.249" errors="0">
  <testcase name="f" time="121.206" classname="com.attendanceApp.Test2">
    <failure type="java.lang.RuntimeException" message="org.openqa.selenium.TimeoutException: Expected condition failed: waiting for presence of element located by: By.id: com.example.androidattendancesystem:id/editTextaddr (tried for 20 second(s) with 500 milliseconds interval)">
      <![CDATA[java.lang.RuntimeException: org.openqa.selenium.TimeoutException: Expected condition failed: waiting for presence of element located by: By.id: com.example.androidattendancesystem:id/editTextaddr (tried for 20 second(s) with 500 milliseconds interval)
at com.attendanceApp.AbstractPage.sendkeys(AbstractPage.java:155)
at com.attendanceApp.StudentappPage.enterValueForGivenField(StudentappPage.java:86)
at com.attendanceApp.Test2.f(Test2.java:81)
at java.util.concurrent.FutureTask.run(FutureTask.java:266)
at java.util.concurrent.ThreadPoolExecutor.runWorker(ThreadPoolExecutor.java:1149)
at java.util.concurrent.ThreadPoolExecutor$Worker.run(ThreadPoolExecutor.java:624)
at java.lang.Thread.run(Thread.java:748)
Caused by: org.openqa.selenium.TimeoutException: Expected condition failed: waiting for presence of element located by: By.id: com.example.androidattendancesystem:id/editTextaddr (tried for 20 second(s) with 500 milliseconds interval)
at org.openqa.selenium.support.ui.WebDriverWait.timeoutException(WebDriverWait.java:95)
at org.openqa.selenium.support.ui.FluentWait.until(FluentWait.java:272)
at com.attendanceApp.AbstractPage.waitforElement(AbstractPage.java:70)
at com.attendanceApp.AbstractPage.sendkeys(AbstractPage.java:151)
... 22 more
Caused by: org.openqa.selenium.NoSuchElementException: An element could not be located on the page using the given search parameters.
For documentation on this error, please visit: https://www.seleniumhq.org/exceptions/no_such_element.html
Build info: version: '3.141.59', revision: 'e82be7d358', time: '2018-11-14T08:25:53'
System info: host: 'IRON-QA8', ip: '192.168.225.60', os.name: 'Windows 10', os.arch: 'amd64', os.version: '10.0', java.version: '1.8.0_221'
Driver info: io.appium.java_client.android.AndroidDriver
Capabilities {adbExecTimeout: 40000, allowTestPackages: true, app: C:\Users\manikaur\workspace..., appActivity: com.android.attendance.acti..., appPackage: com.example.androidattendan..., appWaitActivity: com.android.attendance.acti..., appWaitPackage: com.example.androidattendan..., databaseEnabled: false, desired: {adbExecTimeout: 40000, allowTestPackages: true, app: C:\Users\manikaur\workspace..., deviceName: Pixel_3_API_28, newCommandTimeout: 30000, platformName: android, platformVersion: 9.0, udid: emulator-5556}, deviceManufacturer: Google, deviceModel: AOSP on IA Emulator, deviceName: emulator-5556, deviceScreenSize: 1080x1920, deviceUDID: emulator-5556, javascriptEnabled: true, locationContextEnabled: false, networkConnectionEnabled: true, newCommandTimeout: 30000, platform: LINUX, platformName: Android, platformVersion: 9, takesScreenshot: true, udid: emulator-5556, warnings: {}, webStorageEnabled: false}
Session ID: a081d18d-2d82-48ad-b8ce-12be7c2a86d3
*** Element info: {Using=id, value=com.example.androidattendancesystem:id/editTextaddr}
at org.openqa.selenium.remote.http.W3CHttpResponseCodec.createException(W3CHttpResponseCodec.java:187)
at org.openqa.selenium.remote.http.W3CHttpResponseCodec.decode(W3CHttpResponseCodec.java:122)
at org.openqa.selenium.remote.http.W3CHttpResponseCodec.decode(W3CHttpResponseCodec.java:49)
at org.openqa.selenium.remote.HttpCommandExecutor.execute(HttpCommandExecutor.java:158)
at io.appium.java_client.remote.AppiumCommandExecutor.execute(AppiumCommandExecutor.java:239)
at org.openqa.selenium.remote.RemoteWebDriver.execute(RemoteWebDriver.java:552)
at io.appium.java_client.DefaultGenericMobileDriver.execute(DefaultGenericMobileDriver.java:42)
at io.appium.java_client.AppiumDriver.execute(AppiumDriver.java:1)
at io.appium.java_client.android.AndroidDriver.execute(AndroidDriver.java:1)
at org.openqa.selenium.remote.RemoteWebDriver.findElement(RemoteWebDriver.java:323)
at io.appium.java_client.DefaultGenericMobileDriver.findElement(DefaultGenericMobileDriver.java:62)
at io.appium.java_client.AppiumDriver.findElement(AppiumDriver.java:1)
at io.appium.java_client.android.AndroidDriver.findElement(AndroidDriver.java:1)
at org.openqa.selenium.remote.RemoteWebDriver.findElementById(RemoteWebDriver.java:372)
at io.appium.java_client.DefaultGenericMobileDriver.findElementById(DefaultGenericMobileDriver.java:70)
at io.appium.java_client.AppiumDriver.findElementById(AppiumDriver.java:1)
at io.appium.java_client.android.AndroidDriver.findElementById(AndroidDriver.java:1)
at org.openqa.selenium.By$ById.findElement(By.java:188)
at org.openqa.selenium.remote.RemoteWebDriver.findElement(RemoteWebDriver.java:315)
at io.appium.java_client.DefaultGenericMobileDriver.findElement(DefaultGenericMobileDriver.java:58)
at io.appium.java_client.AppiumDriver.findElement(AppiumDriver.java:1)
at io.appium.java_client.android.AndroidDriver.findElement(AndroidDriver.java:1)
at org.openqa.selenium.support.ui.ExpectedConditions$6.apply(ExpectedConditions.java:182)
at org.openqa.selenium.support.ui.ExpectedConditions$6.apply(ExpectedConditions.java:179)
at org.openqa.selenium.support.ui.FluentWait.until(FluentWait.java:249)
... 24 more
... Removed 19 stack frames]]>
    </failure>
  </testcase> <!-- f -->
</testsuite> <!-- Test2 -->
